<Wolf.Gui>
	<Widget
		Name = "widget_1"
		Size = "400,375" 
		Dragable = "false"
		Visisble = "true"
		Minimized = "false"
		Position = "15, 215"
		BackgroundColorTopLeft = "66,170,255,200"
		BackgroundColorTopRight = "66,170,255,200"
		BackgroundColorBottomLeft = "0,78,140,200"
		BackgroundColorBottomRight = "0,78,140,200"
    ActiveBackgroundColorTopLeft = "66,170,255,255"
		ActiveBackgroundColorTopRight = "66,170,255,255"
		ActiveBackgroundColorBottomLeft = "0,78,140,255"
		ActiveBackgroundColorBottomRight = "0,78,140,255"
    ZOrder = "0"
		Enabled = "true"
		EnableCaption = "true"
		Caption = "سعدی_widget_1"
		CaptionBackgroundColor = "57,57,57,200"
    CaptionActiveBackgroundColor = "57,57,57,255"
    CaptionHeight = "25"
		CaptionMarginLeft = "5"
		CaptionMarginTop = "-4"
		CaptionFontName = "Calibri"
		CaptionFontSize = "20"
		CaptionFontWeight = "400"
		CaptionFontStyle = "0"
		CaptionFontStretch = "5"
		CaptionFontParagraphAlignment = "0"
		CaptionFontTextAlignment = "0">
		<Label
			Id = "0x00010000"
			Text = "This is a Tab control"
			Size = "150, 15" 
			Position = "20, 25"
			Color = "0,0,0,255"
			IsDefault = "false"
			ZOrder = "0"
			Enabled = "true"
			FontName = "Calibri"
			FontSize = "20"
			FontWeight = "400"
			FontStyle = "0"
			FontStretch = "5"
			FontParagraphAlignment = "0"
			FontTextAlignment = "0">		
		</Label>
		<Tab
			ID = "0x00010001"
			Size = "370,100"
			Position = "5, 25"
			TabButtonSize = "70, 50"
			ArrowButtonTextOffset = "8, 0"
			ButtonColor = "128,57,123,255"
			ButtonMouseOverColor = "187,107,181,255"
			ButtonPressedColor = "142,64,136,200"
			ButtonFocusedColor = "142,64,136,200"
			ButtonDisabledColor = "50, 50, 50, 150"
			TextColor = "255,255,255,255"
			TextMouseOverColor = "0,0,0,255"
			TextPressedColor = "0,0,0,255"
			TextFocusedColor = "255,255,255,255"
			TextDisabledColor = "50,50,50,150"
			ZOrder = "0"
			Enabled = "true">
		  <TabItem Text="One" 		IconPath = "" IconAbsolutePath = "true" TextOffset = "-27, 10" IconOffset = "10,10" IconScale = "1,1" HotKey = "0" IsDefault="false"></TabItem>
		  <TabItem Text="دو" 		  IconPath = "" IconAbsolutePath = "true" TextOffset = "-27, 10" IconOffset = "10,10" IconScale = "1,1" HotKey = "0" IsDefault="false"></TabItem>
      <TabItem Text="三" 	    IconPath = "" IconAbsolutePath = "true" TextOffset = "-27, 10" IconOffset = "10,10" IconScale = "1,1" HotKey = "0" IsDefault="false"></TabItem>
      <TabItem Text="4" 	    IconPath = "" IconAbsolutePath = "true" TextOffset = "-27, 10" IconOffset = "10,10" IconScale = "1,1" HotKey = "0" IsDefault="false"></TabItem>
      <TabItem Text="пять" 	  IconPath = "" IconAbsolutePath = "true" TextOffset = "-27, 10" IconOffset = "10,10" IconScale = "1,1" HotKey = "0" IsDefault="false"></TabItem>
      <TabItem Text="έξι" 	  IconPath = "" IconAbsolutePath = "true" TextOffset = "-27, 10" IconOffset = "10,10" IconScale = "1,1" HotKey = "0" IsDefault="false"></TabItem>
      <TabItem Text="セブン" 	IconPath = "" IconAbsolutePath = "true" TextOffset = "-27, 10" IconOffset = "10,10" IconScale = "1,1" HotKey = "0" IsDefault="false"></TabItem>
    </Tab>
		<Label
			Id = "0x00010002"
			Text = "	     ای روی دلارایت مجموعه زیبایی
مجموع چه غم دارد از من که پریشانم"
			Size = "30, 15" 
			Position = "20, 97"
			Color = "0,0,255,255"
			IsDefault = "false"
			ZOrder = "0"
			Enabled = "true"
			FontName = "Calibri"
			FontSize = "20"
			FontWeight = "400"
			FontStyle = "0"
			FontStretch = "5"
			FontParagraphAlignment = "0"
			FontTextAlignment = "0">		
		</Label>
		<Image
			ID = "0x00010003"
			Position = "10, 10" 
			Path = "Textures\\WolfEngine.dds"
			AbsolutePath = "true"
			Scale = "10.0,10.0"
			Rotation = "0,0"
			Translation = "0, 0"
			IsDefault = "false"
			ZOrder = "0"
			Enabled = "true">		
		</Image>
   <Label
			Id = "0x00010004"
			Text = "オーレン石井！勝負はまだついちゃいないよ！"
			Size = "150, 15" 
			Position = "20, 290"
			Color = "255,0,0,255"
			IsDefault = "false"
			ZOrder = "0"
			Enabled = "true"
			FontName = "Calibri"
			FontSize = "20"
			FontWeight = "400"
			FontStyle = "0"
			FontStretch = "5"
			FontParagraphAlignment = "0"
			FontTextAlignment = "0">		
		</Label>
    <Line
      	Id = "0x00010004"
        StartPoint="5, 300"
        StopPoint=" 300, 300"
        StrokeWidth= "10"
        IsDefault="false"
        Color="255,0,0,255"
				DisabledColor="50,50,50,150"
				ZOrder="0"
				Enabled="true">
    </Line>
    <Rectangle
        Id = "0x00010005"
        Position="5, 200"
        Size=" 100, 50"
        Radius = "10,10"
        StrokeWidth= "3"
        IsDefault="false"
        FillColor="128,57,123,255"
        BorderColor="255,255,255,255"
        MouseOverColor = "255,0,0,255"
        DisabledColor="50,50,50,150"
        ZOrder="0"
        Enabled="true">
    </Rectangle>
    <Ellipse
        Id = "0x00010006"
        Position="300, 222"
        Radius = "30,30"
        StrokeWidth= "3"
        IsDefault="false"
        FillColor="128,57,123,255"
        BorderColor="255,255,255,255"
        MouseOverColor = "255,0,0,255"
        DisabledColor="50,50,50,150"
        ZOrder="0"
        Enabled="true">
    </Ellipse>
	</Widget>
  <Widget
		Name = "widget_2"
		Size = "370,360"
		Dragable = "false"
		Visisble = "true"
		Minimized = "false"
		Position = "423, 230"
		BackgroundColorTopLeft = "41,184,204,200"
		BackgroundColorTopRight = "41,184,204,200"
		BackgroundColorBottomLeft = "41,184,204,200"
		BackgroundColorBottomRight = "41,184,204,200"
    ActiveBackgroundColorTopLeft = "41,184,204,255"
		ActiveBackgroundColorTopRight = "41,184,204,255"
		ActiveBackgroundColorBottomLeft = "41,184,204,255"
		ActiveBackgroundColorBottomRight = "41,184,204,255"
		ZOrder = "0"
		Enabled = "true"
		EnableCaption = "true"
		Caption = "Listbox in a static widget_2"
		CaptionBackgroundColor = "0,0,155,200"
    CaptionActiveBackgroundColor = "0,0,155,255"
    CaptionHeight = "25"
		CaptionMarginLeft = "5"
		CaptionMarginTop = "-2"
		CaptionFontName = "Calibri"
		CaptionFontSize = "20"
		CaptionFontWeight = "400"
		CaptionFontStyle = "0"
		CaptionFontStretch = "5"
		CaptionFontParagraphAlignment = "0"
		CaptionFontTextAlignment = "0">
		<ListBox
			ID = "0x00020000"
			Size = "360,327"
			Position = "5, 3" 
			MultiSelection = "false"
			Border = "5,0"
			TextOffset = "0, 25"
			IconMargin = "0, -3"
			SelectedRectangleMargin = "4, 19"
			ItemHeight = "40"
			TextColor = "255, 255, 255, 255"
			SelectedTextColor = "0, 0, 0, 255"
			DisabledTextColor = "50, 50, 50, 150"
			Color = "57, 57, 57, 255"
			SelectedColor = "0, 200, 255, 255"
			DisabledColor = "50, 50, 50, 150"
      ScrollColor = "255,255,255,255"
	    ScrollBackgroundColor ="57,57,57,255"
	    ScrollDisabledColor ="50,50,50,150"
			Hotkey = "0"
			IsDefault = "false"
			ZOrder = "0"
			Enabled = "true"
			FontName = "Calibri"
			FontSize = "20"
			FontWeight = "400"
			FontStyle = "0"
			FontStretch = "5"
			FontParagraphAlignment = "0"
			FontTextAlignment = "0">
			<ListBoxItem Text="Item zero"                             IconPath="" IconAbsolutePath = "true"></ListBoxItem>
      <ListBoxItem Text="Item one"                              IconPath="" IconAbsolutePath = "true"></ListBoxItem>
      <ListBoxItem Text="Item دو"                               IconPath="" IconAbsolutePath = "true"></ListBoxItem>
      <ListBoxItem Text="ایتم سه"                              IconPath="" IconAbsolutePath = "true"></ListBoxItem>
      <ListBoxItem Text="4444444" 		                          IconPath="" IconAbsolutePath = "true"></ListBoxItem>
      <ListBoxItem Text="5555555" 		                          IconPath="" IconAbsolutePath = "true"></ListBoxItem>
      <ListBoxItem Text="6666666" 		                          IconPath="" IconAbsolutePath = "true"></ListBoxItem>
      <ListBoxItem Text="Ths is the last one" 		              IconPath="" IconAbsolutePath = "true"></ListBoxItem>
      <ListBoxItem Text="That was a joke!" 		                  IconPath="" IconAbsolutePath = "true"></ListBoxItem>
      <ListBoxItem Text="This is the last one, I promise!" 		  IconPath="" IconAbsolutePath = "true"></ListBoxItem>		
		</ListBox>
  </Widget>
  <Widget
		Name = "widget_3"
		Size = "400, 200" 
		Dragable = "true"
		Visisble = "true"
		Minimized = "false"
		Position = "100, 10"
		BackgroundColorTopLeft = "216,238,249,200"
		BackgroundColorTopRight = "216,238,249,200"
		BackgroundColorBottomLeft = "71,188,242,200"
		BackgroundColorBottomRight = "71,188,242,200"
    ActiveBackgroundColorTopLeft = "216,238,249,255"
		ActiveBackgroundColorTopRight = "216,238,249,255"
		ActiveBackgroundColorBottomLeft = "71,188,242,255"
		ActiveBackgroundColorBottomRight = "71,188,242,255"
    ZOrder = "0"
		Enabled = "true"
		EnableCaption = "true"
		Caption = "widget_3! Drag or double click on me"
		CaptionBackgroundColor = "57,57,57,200"
    CaptionActiveBackgroundColor = "57,57,57,255"
    CaptionHeight = "25"
		CaptionMarginLeft = "5"
		CaptionMarginTop = "0"
		CaptionFontName = "Calibri"
		CaptionFontSize = "20"
		CaptionFontWeight = "400"
		CaptionFontStyle = "0"
		CaptionFontStretch = "5"
		CaptionFontParagraphAlignment = "0"
		CaptionFontTextAlignment = "0">
		<Label
			Id = "0x00000000"
			Text = "This is label"
			Size = "30, 15" 
			Position = "5, 30"
			Color = "0,0,0,255"
			IsDefault = "false"
			ZOrder = "0"
			Enabled = "true"
			FontName = "Calibri"
			FontSize = "20"
			FontWeight = "400"
			FontStyle = "0"
			FontStretch = "5"
			FontParagraphAlignment = "0"
			FontTextAlignment = "0">		
		</Label>
		<Label
			Id = "0x00000001"
			Text = "This is another label"
			Size = "30,15" 
			Position = "5, 50"
			Color = "255,0,0,255"
			IsDefault = "false"
			ZOrder = "0"
			Enabled = "true"
			FontName = "Calibri"
			FontSize = "20"
			FontWeight = "400"
			FontStyle = "0"
			FontStretch = "5"
			FontParagraphAlignment = "0"
			FontTextAlignment = "0">		
		</Label>
		<Button
			Id = "0x00000002"
			Text = "Button"
			Size = "100,64" 
			Position = "5, 70"
			IconPath = ""
			IconAbsolutePath = "false"
			TextOffset = "-27,10"
			IconOffset = "10,10"
			IconScale = "1,1"
			Hotkey = "0"
			IsDefault = "false"
			Color = "200,200,200,255"
			MouseOverColor = "255,255,255,255"
			PressedColor = "255,255,255,200"
			FocusedColor = "255,255,255,200"
			DisabledColor = "50, 50, 50, 150"
			TextColor = "255,255,255,255"
			TextMouseOverColor = "0,0,0,255"
			TextPressedColor = "0,0,0,255"
			TextFocusedColor = "0,0,0,255"
			TextDisabledColor = "50,50,50,150"
			EffectValues = "0,1"
			ZOrder = "0"
			Enabled = "true"
			FontName = "Calibri"
			FontSize = "20"
			FontWeight = "400"
			FontStyle = "0"
			FontStretch = "5"
			FontParagraphAlignment = "0"
			FontTextAlignment = "0">		
		</Button>
		<CheckBox
			ID = "0x00000003"
			Text = "CheckBox"
			Size = "150,30"
			Position = "5, 140" 
			Checked = "true"
			TextOffset = "-27,10"
			Hotkey = "0"
			IsDefault = "false"
			Color = "255, 255, 255, 255"
			MouseOverColor = "255, 255, 0, 255"
			PressedColor = "255, 255, 255, 200"
			FocusedColor = "255, 255, 0, 255"
			DisabledColor = "50, 50, 50, 150"
			TextColor = "255,255,255,255"
			TextMouseOverColor = "0,0,0,255"
			TextPressedColor = "0,0,0,255"
			TextFocusedColor = "255,255,255,255"
			TextDisabledColor = "50,50,50,150"
			ZOrder = "0"
			Enabled = "true"
			FontName = "Calibri"
			FontSize = "20"
			FontWeight = "400"
			FontStyle = "0"
			FontStretch = "5"
			FontParagraphAlignment = "0"
			FontTextAlignment = "0">
		</CheckBox>
		<RadioButton
			ID = "0x00000004"
			ButtonGroup = "0"
			Text = "RadioButton"
			Size = "150,30"
			Position = "200, 15" 
			Checked = "true"
			TextOffset = "-40,12"
			Hotkey = "0"
			IsDefault = "false"
			Color = "255, 0, 0, 255"
			MouseOverColor = "255, 255, 0, 255"
			PressedColor = "255, 255, 255, 200"
			FocusedColor = "255, 255, 0, 255"
			DisabledColor = "50, 50, 50, 150"
			TextColor = "150,150,150,255"
			TextMouseOverColor = "0,0,0,255"
			TextPressedColor = "0,0,0,255"
			TextFocusedColor = "255,255,255,255"
			TextDisabledColor = "50,50,50,150"
			ZOrder = "0"
			Enabled = "true"
			FontName = "Calibri"
			FontSize = "20"
			FontWeight = "400"
			FontStyle = "0"
			FontStretch = "5"
			FontParagraphAlignment = "0"
			FontTextAlignment = "0">
		</RadioButton>
		<ComboBox
			ID = "0x00000005"
			Size = "220,30"
			Position = "170, 70" 
			TextOffset = "-40,12"
			ItemHeight = "22"
			ItemMargin = "-10,50"
			Hotkey = "0"
			IsDefault = "false"
			Color = "100, 100, 100, 255"
			MouseOverColor = "255, 255, 0, 255"
			PressedColor = "255, 255, 255, 200"
			FocusedColor = "150, 150, 0, 255"
			DisabledColor = "50, 50, 50, 150"
			ButtonColor = "0, 200, 255, 255"
			ButtonMouseOverColor = "255, 255, 0, 255"
			ButtonPressedColor = "150, 150, 150, 255"
			ButtonFocusedColor = "255, 255, 255, 200"
			ButtonDisabledColor = "50, 50, 50, 150"
			DropDownContextColor = "200, 200, 200, 255"
			SelectionColor = "255, 0, 0, 155"
			SelectionFontColor = "255, 255, 255, 255"
			TextColor = "255, 255, 255, 255"
			TextDisabledColor = "50, 50, 50, 150"
			DropDownContextHeight = "100"
			ZOrder = "0"
			Enabled = "true"
			FontName = "Calibri"
			FontSize = "20"
			FontWeight = "400"
			FontStyle = "0"
			FontStretch = "5"
			FontParagraphAlignment = "0"
			FontTextAlignment = "0">
			<ComboBoxItem>This is item 1</ComboBoxItem>
			<ComboBoxItem>This is item 2</ComboBoxItem>
			<ComboBoxItem>This is item 3</ComboBoxItem>
			<ComboBoxItem>This is item 4</ComboBoxItem>
			<ComboBoxItem>This is item 5</ComboBoxItem>
			<ComboBoxItem>This is item 6</ComboBoxItem>
			<ComboBoxItem>This is item 7</ComboBoxItem>	
			<ComboBoxItem>This is item +</ComboBoxItem>
			<ComboBoxItem>This is item +</ComboBoxItem>	
		</ComboBox>
		<Slider
			ID = "0x00000006"
			Size = "220,30"
			Position = "170, 120" 
			Range = "0,100"
			Value = "70"
			Hotkey = "0"
			IsDefault = "false"
			MainColor = "255, 255, 255, 255"
			MainMouseOverColor = "255, 255, 0, 255"
			MainPressedColor = "255, 255, 255, 200"
			MainFocusedColor = "255, 255, 0, 255"
			MainDisabledColor = "50, 50, 50, 150"
			ButtonColor = "0, 200, 255, 255"
			ButtonMouseOverColor = "255, 255, 0, 255"
			ButtonPressedColor = "150, 150, 150, 255"
			ButtonFocusedColor = "255, 255, 255, 200"
			ButtonDisabledColor = "50, 50, 50, 150"
			ZOrder = "0"
			Enabled = "true"
			FontName = "Calibri"
			FontSize = "20"
			FontWeight = "400"
			FontStyle = "0"
			FontStretch = "5"
			FontParagraphAlignment = "0"
			FontTextAlignment = "0">		
		</Slider>
	</Widget>
</Wolf.Gui>