<Wolf.Gui>
  <Widget
   Name = "widget_2"
   Size = "790,590"
   Dragable = "true"
   Visisble = "true"
   Minimized = "false"
   Position = "200, 200"
   BackgroundColorTopLeft = "41,184,204,200"
   BackgroundColorTopRight = "41,184,204,200"
   BackgroundColorBottomLeft = "41,184,204,200"
   BackgroundColorBottomRight = "41,184,204,200"
   ActiveBackgroundColorTopLeft = "41,184,204,255"
   ActiveBackgroundColorTopRight = "41,184,204,255"
   ActiveBackgroundColorBottomLeft = "41,184,204,255"
   ActiveBackgroundColorBottomRight = "41,184,204,255"
   ZOrder = "0"
   Enabled = "true"
   EnableCaption = "true"
   Caption = "Listbox in a static widget_2"
   CaptionBackgroundColor = "155,0,0,200"
   CaptionActiveBackgroundColor = "155,0,0,255"
   CaptionHeight = "25"
   CaptionMarginLeft = "5"
   CaptionMarginTop = "-2"
   CaptionFontName = "Calibri"
   CaptionFontSize = "20"
   CaptionFontWeight = "400"
   CaptionFontStyle = "0"
   CaptionFontStretch = "5"
   CaptionFontParagraphAlignment = "0"
   CaptionFontTextAlignment = "0">
    <!--Text--><!--
    <Label
      Id = "0x00000001"
      Text = "Text"
      Position = "5, 238"
      Size = "150, 15"
      Color = "255,255,255,255"
      IsDefault = "false"
      ZOrder = "0"
      Enabled = "true">
    </Label>
    --><!-- Update button of shortcut--><!--
    <Button
			Id = "0x00000002"
      Position = "235, 205"
      Size = "50,50"
			IconPath = "Icons\cg\Update.dds"
			IconAbsolutePath = "true"
			IconOffset = "9,34"
			IconScale = "1,1"
			Hotkey = "0"
			IsDefault = "false"
			Color = "200,200,200,255"
			MouseOverColor = "255,255,255,255"
			PressedColor = "255,255,255,200"
			FocusedColor = "255,255,255,200"
			DisabledColor = "50, 50, 50, 150"
			TextColor = "255,255,255,255"
			TextMouseOverColor = "0,0,0,255"
			TextPressedColor = "0,0,0,255"
			TextFocusedColor = "0,0,0,255"
			TextDisabledColor = "50,50,50,150"
			EffectValues = "0,1"
			ZOrder = "0"
			Enabled = "true">
    </Button>-->
    <Image
       ID = "0x00010003"
       Position = "10, 10"
       Path = "Textures\\WolfEngine.dds"
       AbsolutePath = "false"
       Width = "100"
       Height ="100"
       Rotation = "0,0"
       Translation = "0, 0"
       IsDefault = "false"
       ZOrder = "0"
       Enabled = "true">
    </Image>
  </Widget>

</Wolf.Gui>